# JRE version: Java(TM) SE Runtime Environment (17.0.1+12) (build 17.0.1+12-LTS-39)
# Java VM: Java HotSpot(TM) 64-Bit Server VM (17.0.1+12-LTS-39, mixed mode, emulated-client, sharing, tiered, compressed oops, compressed class ptrs, g1 gc, windows-amd64)
GC Precious Log:
 CPUs: 4 total, 4 available
 Memory: 7549M
 Large Page Support: Disabled
 NUMA Support: Disabled
 Compressed Oops: Enabled (32-bit)
 Heap Region Size: 1M
 Heap Min Capacity: 8M
 Heap Initial Capacity: 118M
 Heap Max Capacity: 1888M
 Pre-touch: Disabled
 Parallel Workers: 4
 Concurrent Workers: 1
 Concurrent Refinement Workers: 4
 Periodic GC: Disabled
Heap:
 garbage-first heap   total 190464K, used 72373K [0x000000008a000000, 0x0000000100000000)
  region size 1024K, 47 young (48128K), 6 survivors (6144K)
 Metaspace       used 48838K, committed 49280K, reserved 1097728K
  class space    used 6905K, committed 7104K, reserved 1048576K
GC Heap History (20 events):
Event: 2.690 GC heap before
{Heap before GC invocations=4 (full 0):
 garbage-first heap   total 120832K, used 76843K [0x000000008a000000, 0x0000000100000000)
  region size 1024K, 70 young (71680K), 5 survivors (5120K)
 Metaspace       used 17972K, committed 18240K, reserved 1064960K
  class space    used 2405K, committed 2560K, reserved 1048576K
}
Event: 2.694 GC heap after
{Heap after GC invocations=5 (full 0):
 garbage-first heap   total 120832K, used 13186K [0x000000008a000000, 0x0000000100000000)
  region size 1024K, 7 young (7168K), 7 survivors (7168K)
 Metaspace       used 17972K, committed 18240K, reserved 1064960K
  class space    used 2405K, committed 2560K, reserved 1048576K
}
Event: 3.215 GC heap before
{Heap before GC invocations=5 (full 0):
 garbage-first heap   total 120832K, used 40834K [0x000000008a000000, 0x0000000100000000)
  region size 1024K, 35 young (35840K), 7 survivors (7168K)
 Metaspace       used 21211K, committed 21504K, reserved 1073152K
  class space    used 2881K, committed 3008K, reserved 1048576K
}
Event: 3.221 GC heap after
{Heap after GC invocations=6 (full 0):
 garbage-first heap   total 120832K, used 14961K [0x000000008a000000, 0x0000000100000000)
  region size 1024K, 4 young (4096K), 4 survivors (4096K)
 Metaspace       used 21211K, committed 21504K, reserved 1073152K
  class space    used 2881K, committed 3008K, reserved 1048576K
}
Event: 3.645 GC heap before
{Heap before GC invocations=7 (full 0):
 garbage-first heap   total 55296K, used 42609K [0x000000008a000000, 0x0000000100000000)
  region size 1024K, 32 young (32768K), 4 survivors (4096K)
 Metaspace       used 24327K, committed 24704K, reserved 1073152K
  class space    used 3323K, committed 3520K, reserved 1048576K
}
Event: 3.652 GC heap after
{Heap after GC invocations=8 (full 0):
 garbage-first heap   total 55296K, used 17688K [0x000000008a000000, 0x0000000100000000)
  region size 1024K, 4 young (4096K), 4 survivors (4096K)
 Metaspace       used 24327K, committed 24704K, reserved 1073152K
  class space    used 3323K, committed 3520K, reserved 1048576K
}
Event: 3.656 GC heap before
{Heap before GC invocations=8 (full 0):
 garbage-first heap   total 55296K, used 39192K [0x000000008a000000, 0x0000000100000000)
  region size 1024K, 26 young (26624K), 4 survivors (4096K)
 Metaspace       used 24327K, committed 24704K, reserved 1073152K
  class space    used 3323K, committed 3520K, reserved 1048576K
}
Event: 3.662 GC heap after
{Heap after GC invocations=9 (full 0):
 garbage-first heap   total 92160K, used 17950K [0x000000008a000000, 0x0000000100000000)
  region size 1024K, 1 young (1024K), 1 survivors (1024K)
 Metaspace       used 24327K, committed 24704K, reserved 1073152K
  class space    used 3323K, committed 3520K, reserved 1048576K
}
Event: 3.776 GC heap before
{Heap before GC invocations=9 (full 0):
 garbage-first heap   total 92160K, used 69150K [0x000000008a000000, 0x0000000100000000)
  region size 1024K, 52 young (53248K), 1 survivors (1024K)
 Metaspace       used 24752K, committed 25152K, reserved 1073152K
  class space    used 3359K, committed 3520K, reserved 1048576K
}
Event: 3.778 GC heap after
{Heap after GC invocations=10 (full 0):
 garbage-first heap   total 92160K, used 18440K [0x000000008a000000, 0x0000000100000000)
  region size 1024K, 1 young (1024K), 1 survivors (1024K)
 Metaspace       used 24752K, committed 25152K, reserved 1073152K
  class space    used 3359K, committed 3520K, reserved 1048576K
}
Event: 4.676 GC heap before
{Heap before GC invocations=10 (full 0):
 garbage-first heap   total 92160K, used 71688K [0x000000008a000000, 0x0000000100000000)
  region size 1024K, 54 young (55296K), 1 survivors (1024K)
 Metaspace       used 32827K, committed 33280K, reserved 1081344K
  class space    used 4519K, committed 4736K, reserved 1048576K
}
Event: 4.681 GC heap after
{Heap after GC invocations=11 (full 0):
 garbage-first heap   total 92160K, used 21925K [0x000000008a000000, 0x0000000100000000)
  region size 1024K, 4 young (4096K), 4 survivors (4096K)
 Metaspace       used 32827K, committed 33280K, reserved 1081344K
  class space    used 4519K, committed 4736K, reserved 1048576K
}
Event: 4.898 GC heap before
{Heap before GC invocations=11 (full 0):
 garbage-first heap   total 92160K, used 34213K [0x000000008a000000, 0x0000000100000000)
  region size 1024K, 17 young (17408K), 4 survivors (4096K)
 Metaspace       used 35715K, committed 36096K, reserved 1081344K
  class space    used 4911K, committed 5120K, reserved 1048576K
}
Event: 4.902 GC heap after
{Heap after GC invocations=12 (full 0):
 garbage-first heap   total 92160K, used 22892K [0x000000008a000000, 0x0000000100000000)
  region size 1024K, 1 young (1024K), 1 survivors (1024K)
 Metaspace       used 35715K, committed 36096K, reserved 1081344K
  class space    used 4911K, committed 5120K, reserved 1048576K
}
Event: 5.807 GC heap before
{Heap before GC invocations=13 (full 0):
 garbage-first heap   total 86016K, used 73068K [0x000000008a000000, 0x0000000100000000)
  region size 1024K, 50 young (51200K), 1 survivors (1024K)
 Metaspace       used 43609K, committed 43968K, reserved 1089536K
  class space    used 6102K, committed 6272K, reserved 1048576K
}
Event: 5.810 GC heap after
{Heap after GC invocations=14 (full 0):
 garbage-first heap   total 86016K, used 25282K [0x000000008a000000, 0x0000000100000000)
  region size 1024K, 4 young (4096K), 4 survivors (4096K)
 Metaspace       used 43609K, committed 43968K, reserved 1089536K
  class space    used 6102K, committed 6272K, reserved 1048576K
}
Event: 6.101 GC heap before
{Heap before GC invocations=14 (full 0):
 garbage-first heap   total 86016K, used 67266K [0x000000008a000000, 0x0000000100000000)
  region size 1024K, 45 young (46080K), 4 survivors (4096K)
 Metaspace       used 44908K, committed 45312K, reserved 1089536K
  class space    used 6305K, committed 6528K, reserved 1048576K
}
Event: 6.106 GC heap after
{Heap after GC invocations=15 (full 0):
 garbage-first heap   total 86016K, used 27439K [0x000000008a000000, 0x0000000100000000)
  region size 1024K, 5 young (5120K), 5 survivors (5120K)
 Metaspace       used 44908K, committed 45312K, reserved 1089536K
  class space    used 6305K, committed 6528K, reserved 1048576K
}
Event: 6.898 GC heap before
{Heap before GC invocations=15 (full 0):
 garbage-first heap   total 86016K, used 67375K [0x000000008a000000, 0x0000000100000000)
  region size 1024K, 44 young (45056K), 5 survivors (5120K)
 Metaspace       used 46874K, committed 47232K, reserved 1089536K
  class space    used 6624K, committed 6784K, reserved 1048576K
}
Event: 6.905 GC heap after
{Heap after GC invocations=16 (full 0):
 garbage-first heap   total 190464K, used 31413K [0x000000008a000000, 0x0000000100000000)
  region size 1024K, 6 young (6144K), 6 survivors (6144K)
 Metaspace       used 46874K, committed 47232K, reserved 1089536K
  class space    used 6624K, committed 6784K, reserved 1048576K
}

